<?xml version="1.0" encoding="UTF-8"?>
<!-- Generated by org.testng.reporters.JUnitReportReporter -->
<testsuite hostname="LAPTOP-3NBN0J9B" name="selenium.selenium.selenium2Test" tests="3" failures="0" timestamp="18 Jan 2019 02:45:43 GMT" time="12.359" errors="0">
  <testcase name="za" time="5.495" classname="selenium.selenium.selenium2Test"/>
  <testcase name="Af" time="1.258" classname="selenium.selenium.selenium2Test"/>
  <testcase name="Bbe" time="5.606" classname="selenium.selenium.selenium2Test"/>
</testsuite> <!-- selenium.selenium.selenium2Test -->
