<?xml version="1.0" encoding="UTF-8"?>
<!-- Generated by org.testng.reporters.JUnitReportReporter -->
<testsuite hostname="LAPTOP-3NBN0J9B" name="selenium.selenium3Test" tests="2" failures="0" timestamp="9 Jan 2019 03:36:46 GMT" time="42.409" errors="0">
  <testcase name="CA" time="21.079" classname="selenium.selenium3Test"/>
  <testcase name="CA" time="21.330" classname="selenium.selenium3Test"/>
</testsuite> <!-- selenium.selenium3Test -->
